{"/Users/shiva/Documents/github_projects/Campus-Eats-React-Native-App/mobile/src/services/adminService.js": {"path":"/Users/shiva/Documents/github_projects/Campus-Eats-React-Native-App/mobile/src/services/adminService.js","statementMap":{"0":{"start":{"line":8,"column":21},"end":{"line":8,"column":34}},"1":{"start":{"line":15,"column":28},"end":{"line":177,"column":1}},"2":{"start":{"line":22,"column":69},"end":{"line":43,"column":10}},"3":{"start":{"line":45,"column":8},"end":{"line":50,"column":10}},"4":{"start":{"line":57,"column":25},"end":{"line":61,"column":9}},"5":{"start":{"line":62,"column":8},"end":{"line":64,"column":9}},"6":{"start":{"line":63,"column":12},"end":{"line":63,"column":41}},"7":{"start":{"line":65,"column":8},"end":{"line":65,"column":20}},"8":{"start":{"line":74,"column":8},"end":{"line":82,"column":10}},"9":{"start":{"line":89,"column":8},"end":{"line":93,"column":10}},"10":{"start":{"line":100,"column":25},"end":{"line":104,"column":9}},"11":{"start":{"line":105,"column":8},"end":{"line":105,"column":45}},"12":{"start":{"line":112,"column":25},"end":{"line":112,"column":63}},"13":{"start":{"line":113,"column":8},"end":{"line":127,"column":9}},"14":{"start":{"line":114,"column":12},"end":{"line":119,"column":14}},"15":{"start":{"line":121,"column":12},"end":{"line":126,"column":14}},"16":{"start":{"line":134,"column":23},"end":{"line":134,"column":27}},"17":{"start":{"line":135,"column":8},"end":{"line":152,"column":9}},"18":{"start":{"line":136,"column":29},"end":{"line":136,"column":43}},"19":{"start":{"line":137,"column":12},"end":{"line":141,"column":15}},"20":{"start":{"line":142,"column":12},"end":{"line":142,"column":57}},"21":{"start":{"line":144,"column":29},"end":{"line":147,"column":14}},"22":{"start":{"line":149,"column":12},"end":{"line":149,"column":69}},"23":{"start":{"line":149,"column":30},"end":{"line":149,"column":69}},"24":{"start":{"line":150,"column":28},"end":{"line":150,"column":49}},"25":{"start":{"line":151,"column":12},"end":{"line":151,"column":35}},"26":{"start":{"line":154,"column":8},"end":{"line":164,"column":10}},"27":{"start":{"line":171,"column":8},"end":{"line":175,"column":10}}},"fnMap":{"0":{"name":"(anonymous_0)","decl":{"start":{"line":20,"column":23},"end":{"line":20,"column":24}},"loc":{"start":{"line":20,"column":35},"end":{"line":51,"column":5}},"line":20},"1":{"name":"(anonymous_1)","decl":{"start":{"line":56,"column":19},"end":{"line":56,"column":20}},"loc":{"start":{"line":56,"column":31},"end":{"line":66,"column":5}},"line":56},"2":{"name":"(anonymous_2)","decl":{"start":{"line":73,"column":22},"end":{"line":73,"column":23}},"loc":{"start":{"line":73,"column":55},"end":{"line":83,"column":5}},"line":73},"3":{"name":"(anonymous_3)","decl":{"start":{"line":88,"column":15},"end":{"line":88,"column":16}},"loc":{"start":{"line":88,"column":27},"end":{"line":94,"column":5}},"line":88},"4":{"name":"(anonymous_4)","decl":{"start":{"line":99,"column":23},"end":{"line":99,"column":24}},"loc":{"start":{"line":99,"column":35},"end":{"line":106,"column":5}},"line":99},"5":{"name":"(anonymous_5)","decl":{"start":{"line":111,"column":26},"end":{"line":111,"column":27}},"loc":{"start":{"line":111,"column":42},"end":{"line":128,"column":5}},"line":111},"6":{"name":"(anonymous_6)","decl":{"start":{"line":133,"column":17},"end":{"line":133,"column":18}},"loc":{"start":{"line":133,"column":44},"end":{"line":165,"column":5}},"line":133},"7":{"name":"(anonymous_7)","decl":{"start":{"line":170,"column":17},"end":{"line":170,"column":18}},"loc":{"start":{"line":170,"column":36},"end":{"line":176,"column":5}},"line":170}},"branchMap":{"0":{"loc":{"start":{"line":62,"column":8},"end":{"line":64,"column":9}},"type":"if","locations":[{"start":{"line":62,"column":8},"end":{"line":64,"column":9}},{"start":{},"end":{}}],"line":62},"1":{"loc":{"start":{"line":79,"column":23},"end":{"line":79,"column":49}},"type":"cond-expr","locations":[{"start":{"line":79,"column":32},"end":{"line":79,"column":38}},{"start":{"line":79,"column":41},"end":{"line":79,"column":49}}],"line":79},"2":{"loc":{"start":{"line":105,"column":15},"end":{"line":105,"column":44}},"type":"binary-expr","locations":[{"start":{"line":105,"column":15},"end":{"line":105,"column":36}},{"start":{"line":105,"column":40},"end":{"line":105,"column":44}}],"line":105},"3":{"loc":{"start":{"line":113,"column":8},"end":{"line":127,"column":9}},"type":"if","locations":[{"start":{"line":113,"column":8},"end":{"line":127,"column":9}},{"start":{"line":120,"column":15},"end":{"line":127,"column":9}}],"line":113},"4":{"loc":{"start":{"line":135,"column":8},"end":{"line":152,"column":9}},"type":"if","locations":[{"start":{"line":135,"column":8},"end":{"line":152,"column":9}},{"start":{},"end":{}}],"line":135},"5":{"loc":{"start":{"line":140,"column":22},"end":{"line":140,"column":62}},"type":"binary-expr","locations":[{"start":{"line":140,"column":22},"end":{"line":140,"column":40}},{"start":{"line":140,"column":44},"end":{"line":140,"column":62}}],"line":140},"6":{"loc":{"start":{"line":149,"column":12},"end":{"line":149,"column":69}},"type":"if","locations":[{"start":{"line":149,"column":12},"end":{"line":149,"column":69}},{"start":{},"end":{}}],"line":149}},"s":{"0":1,"1":1,"2":1,"3":1,"4":0,"5":0,"6":0,"7":0,"8":0,"9":0,"10":2,"11":2,"12":0,"13":0,"14":0,"15":0,"16":0,"17":0,"18":0,"19":0,"20":0,"21":0,"22":0,"23":0,"24":0,"25":0,"26":0,"27":0},"f":{"0":1,"1":0,"2":0,"3":0,"4":2,"5":0,"6":0,"7":0},"b":{"0":[0,0],"1":[0,0],"2":[2,1],"3":[0,0],"4":[0,0],"5":[0,0],"6":[0,0]},"_coverageSchema":"1a1c01bbd47fc00a2c39e90264f33305004495a9","hash":"5fcab2019c733eba84b99dbf586821454e0f2f50"}
,"/Users/shiva/Documents/github_projects/Campus-Eats-React-Native-App/mobile/src/services/authService.js": {"path":"/Users/shiva/Documents/github_projects/Campus-Eats-React-Native-App/mobile/src/services/authService.js","statementMap":{"0":{"start":{"line":8,"column":27},"end":{"line":170,"column":1}},"1":{"start":{"line":15,"column":8},"end":{"line":61,"column":9}},"2":{"start":{"line":17,"column":12},"end":{"line":17,"column":70}},"3":{"start":{"line":20,"column":24},"end":{"line":20,"column":43}},"4":{"start":{"line":27,"column":23},"end":{"line":27,"column":32}},"5":{"start":{"line":28,"column":30},"end":{"line":28,"column":34}},"6":{"start":{"line":30,"column":12},"end":{"line":42,"column":13}},"7":{"start":{"line":31,"column":35},"end":{"line":35,"column":17}},"8":{"start":{"line":36,"column":16},"end":{"line":39,"column":17}},"9":{"start":{"line":37,"column":20},"end":{"line":37,"column":35}},"10":{"start":{"line":38,"column":20},"end":{"line":38,"column":58}},"11":{"start":{"line":41,"column":16},"end":{"line":41,"column":44}},"12":{"start":{"line":44,"column":12},"end":{"line":56,"column":13}},"13":{"start":{"line":45,"column":16},"end":{"line":55,"column":17}},"14":{"start":{"line":46,"column":36},"end":{"line":50,"column":21}},"15":{"start":{"line":51,"column":20},"end":{"line":51,"column":42}},"16":{"start":{"line":54,"column":20},"end":{"line":54,"column":64}},"17":{"start":{"line":58,"column":12},"end":{"line":58,"column":64}},"18":{"start":{"line":60,"column":12},"end":{"line":60,"column":24}},"19":{"start":{"line":71,"column":8},"end":{"line":95,"column":9}},"20":{"start":{"line":73,"column":31},"end":{"line":73,"column":87}},"21":{"start":{"line":76,"column":12},"end":{"line":76,"column":70}},"22":{"start":{"line":79,"column":32},"end":{"line":90,"column":13}},"23":{"start":{"line":92,"column":12},"end":{"line":92,"column":82}},"24":{"start":{"line":94,"column":12},"end":{"line":94,"column":24}},"25":{"start":{"line":102,"column":8},"end":{"line":106,"column":9}},"26":{"start":{"line":103,"column":12},"end":{"line":103,"column":51}},"27":{"start":{"line":105,"column":12},"end":{"line":105,"column":76}},"28":{"start":{"line":113,"column":8},"end":{"line":150,"column":9}},"29":{"start":{"line":114,"column":24},"end":{"line":114,"column":43}},"30":{"start":{"line":116,"column":23},"end":{"line":116,"column":32}},"31":{"start":{"line":117,"column":30},"end":{"line":117,"column":34}},"32":{"start":{"line":120,"column":12},"end":{"line":130,"column":27}},"33":{"start":{"line":121,"column":35},"end":{"line":125,"column":17}},"34":{"start":{"line":126,"column":16},"end":{"line":129,"column":17}},"35":{"start":{"line":127,"column":20},"end":{"line":127,"column":35}},"36":{"start":{"line":128,"column":20},"end":{"line":128,"column":58}},"37":{"start":{"line":133,"column":12},"end":{"line":145,"column":13}},"38":{"start":{"line":134,"column":16},"end":{"line":144,"column":17}},"39":{"start":{"line":135,"column":36},"end":{"line":139,"column":21}},"40":{"start":{"line":140,"column":20},"end":{"line":140,"column":42}},"41":{"start":{"line":143,"column":20},"end":{"line":143,"column":85}},"42":{"start":{"line":147,"column":12},"end":{"line":147,"column":64}},"43":{"start":{"line":149,"column":12},"end":{"line":149,"column":24}},"44":{"start":{"line":157,"column":8},"end":{"line":157,"column":42}},"45":{"start":{"line":159,"column":8},"end":{"line":168,"column":9}},"46":{"start":{"line":160,"column":12},"end":{"line":165,"column":14}},"47":{"start":{"line":167,"column":12},"end":{"line":167,"column":55}}},"fnMap":{"0":{"name":"(anonymous_0)","decl":{"start":{"line":14,"column":11},"end":{"line":14,"column":12}},"loc":{"start":{"line":14,"column":38},"end":{"line":62,"column":5}},"line":14},"1":{"name":"(anonymous_1)","decl":{"start":{"line":70,"column":14},"end":{"line":70,"column":15}},"loc":{"start":{"line":70,"column":47},"end":{"line":96,"column":5}},"line":70},"2":{"name":"(anonymous_2)","decl":{"start":{"line":101,"column":12},"end":{"line":101,"column":13}},"loc":{"start":{"line":101,"column":24},"end":{"line":107,"column":5}},"line":101},"3":{"name":"(anonymous_3)","decl":{"start":{"line":112,"column":20},"end":{"line":112,"column":21}},"loc":{"start":{"line":112,"column":32},"end":{"line":151,"column":5}},"line":112},"4":{"name":"(anonymous_4)","decl":{"start":{"line":156,"column":23},"end":{"line":156,"column":24}},"loc":{"start":{"line":156,"column":50},"end":{"line":169,"column":5}},"line":156}},"branchMap":{"0":{"loc":{"start":{"line":36,"column":16},"end":{"line":39,"column":17}},"type":"if","locations":[{"start":{"line":36,"column":16},"end":{"line":39,"column":17}},{"start":{},"end":{}}],"line":36},"1":{"loc":{"start":{"line":44,"column":12},"end":{"line":56,"column":13}},"type":"if","locations":[{"start":{"line":44,"column":12},"end":{"line":56,"column":13}},{"start":{},"end":{}}],"line":44},"2":{"loc":{"start":{"line":126,"column":16},"end":{"line":129,"column":17}},"type":"if","locations":[{"start":{"line":126,"column":16},"end":{"line":129,"column":17}},{"start":{},"end":{}}],"line":126},"3":{"loc":{"start":{"line":133,"column":12},"end":{"line":145,"column":13}},"type":"if","locations":[{"start":{"line":133,"column":12},"end":{"line":145,"column":13}},{"start":{},"end":{}}],"line":133}},"s":{"0":1,"1":2,"2":2,"3":2,"4":2,"5":2,"6":2,"7":2,"8":2,"9":1,"10":1,"11":0,"12":2,"13":1,"14":1,"15":1,"16":0,"17":2,"18":0,"19":1,"20":1,"21":1,"22":1,"23":1,"24":0,"25":0,"26":0,"27":0,"28":0,"29":0,"30":0,"31":0,"32":0,"33":0,"34":0,"35":0,"36":0,"37":0,"38":0,"39":0,"40":0,"41":0,"42":0,"43":0,"44":0,"45":0,"46":0,"47":0},"f":{"0":2,"1":1,"2":0,"3":0,"4":0},"b":{"0":[1,1],"1":[1,1],"2":[0,0],"3":[0,0]},"_coverageSchema":"1a1c01bbd47fc00a2c39e90264f33305004495a9","hash":"a6420b26a9626b2c34677cdb535283251340b284"}
,"/Users/shiva/Documents/github_projects/Campus-Eats-React-Native-App/mobile/src/services/menuService.js": {"path":"/Users/shiva/Documents/github_projects/Campus-Eats-React-Native-App/mobile/src/services/menuService.js","statementMap":{"0":{"start":{"line":9,"column":27},"end":{"line":130,"column":1}},"1":{"start":{"line":14,"column":8},"end":{"line":18,"column":10}},"2":{"start":{"line":27,"column":22},"end":{"line":27,"column":26}},"3":{"start":{"line":28,"column":23},"end":{"line":28,"column":27}},"4":{"start":{"line":31,"column":8},"end":{"line":55,"column":9}},"5":{"start":{"line":32,"column":27},"end":{"line":32,"column":38}},"6":{"start":{"line":35,"column":12},"end":{"line":49,"column":13}},"7":{"start":{"line":36,"column":28},"end":{"line":36,"column":54}},"8":{"start":{"line":37,"column":29},"end":{"line":37,"column":45}},"9":{"start":{"line":38,"column":33},"end":{"line":38,"column":81}},"10":{"start":{"line":39,"column":16},"end":{"line":39,"column":57}},"11":{"start":{"line":41,"column":33},"end":{"line":41,"column":63}},"12":{"start":{"line":42,"column":30},"end":{"line":42,"column":55}},"13":{"start":{"line":43,"column":29},"end":{"line":43,"column":71}},"14":{"start":{"line":44,"column":16},"end":{"line":48,"column":18}},"15":{"start":{"line":51,"column":27},"end":{"line":51,"column":83}},"16":{"start":{"line":52,"column":12},"end":{"line":52,"column":33}},"17":{"start":{"line":54,"column":12},"end":{"line":54,"column":68}},"18":{"start":{"line":58,"column":8},"end":{"line":67,"column":10}},"19":{"start":{"line":74,"column":24},"end":{"line":74,"column":39}},"20":{"start":{"line":76,"column":8},"end":{"line":97,"column":9}},"21":{"start":{"line":77,"column":27},"end":{"line":77,"column":38}},"22":{"start":{"line":79,"column":12},"end":{"line":93,"column":13}},"23":{"start":{"line":80,"column":28},"end":{"line":80,"column":57}},"24":{"start":{"line":81,"column":29},"end":{"line":81,"column":45}},"25":{"start":{"line":82,"column":33},"end":{"line":82,"column":84}},"26":{"start":{"line":83,"column":16},"end":{"line":83,"column":57}},"27":{"start":{"line":85,"column":33},"end":{"line":85,"column":66}},"28":{"start":{"line":86,"column":30},"end":{"line":86,"column":55}},"29":{"start":{"line":87,"column":29},"end":{"line":87,"column":71}},"30":{"start":{"line":88,"column":16},"end":{"line":92,"column":18}},"31":{"start":{"line":95,"column":27},"end":{"line":95,"column":83}},"32":{"start":{"line":96,"column":12},"end":{"line":96,"column":42}},"33":{"start":{"line":99,"column":8},"end":{"line":104,"column":10}},"34":{"start":{"line":112,"column":8},"end":{"line":112,"column":33}},"35":{"start":{"line":112,"column":21},"end":{"line":112,"column":33}},"36":{"start":{"line":113,"column":8},"end":{"line":113,"column":59}},"37":{"start":{"line":120,"column":24},"end":{"line":127,"column":9}},"38":{"start":{"line":121,"column":12},"end":{"line":126,"column":13}},"39":{"start":{"line":128,"column":8},"end":{"line":128,"column":42}}},"fnMap":{"0":{"name":"(anonymous_0)","decl":{"start":{"line":13,"column":18},"end":{"line":13,"column":19}},"loc":{"start":{"line":13,"column":30},"end":{"line":19,"column":5}},"line":13},"1":{"name":"(anonymous_1)","decl":{"start":{"line":26,"column":20},"end":{"line":26,"column":21}},"loc":{"start":{"line":26,"column":51},"end":{"line":68,"column":5}},"line":26},"2":{"name":"(anonymous_2)","decl":{"start":{"line":73,"column":20},"end":{"line":73,"column":21}},"loc":{"start":{"line":73,"column":69},"end":{"line":105,"column":5}},"line":73},"3":{"name":"(anonymous_3)","decl":{"start":{"line":111,"column":17},"end":{"line":111,"column":18}},"loc":{"start":{"line":111,"column":29},"end":{"line":114,"column":5}},"line":111},"4":{"name":"(anonymous_4)","decl":{"start":{"line":119,"column":29},"end":{"line":119,"column":30}},"loc":{"start":{"line":119,"column":58},"end":{"line":129,"column":5}},"line":119},"5":{"name":"(anonymous_5)","decl":{"start":{"line":120,"column":36},"end":{"line":120,"column":37}},"loc":{"start":{"line":121,"column":12},"end":{"line":126,"column":13}},"line":121}},"branchMap":{"0":{"loc":{"start":{"line":31,"column":8},"end":{"line":55,"column":9}},"type":"if","locations":[{"start":{"line":31,"column":8},"end":{"line":55,"column":9}},{"start":{},"end":{}}],"line":31},"1":{"loc":{"start":{"line":35,"column":12},"end":{"line":49,"column":13}},"type":"if","locations":[{"start":{"line":35,"column":12},"end":{"line":49,"column":13}},{"start":{"line":40,"column":19},"end":{"line":49,"column":13}}],"line":35},"2":{"loc":{"start":{"line":38,"column":33},"end":{"line":38,"column":81}},"type":"binary-expr","locations":[{"start":{"line":38,"column":33},"end":{"line":38,"column":63}},{"start":{"line":38,"column":67},"end":{"line":38,"column":81}}],"line":38},"3":{"loc":{"start":{"line":43,"column":29},"end":{"line":43,"column":71}},"type":"cond-expr","locations":[{"start":{"line":43,"column":37},"end":{"line":43,"column":56}},{"start":{"line":43,"column":59},"end":{"line":43,"column":71}}],"line":43},"4":{"loc":{"start":{"line":73,"column":45},"end":{"line":73,"column":64}},"type":"default-arg","locations":[{"start":{"line":73,"column":60},"end":{"line":73,"column":64}}],"line":73},"5":{"loc":{"start":{"line":76,"column":8},"end":{"line":97,"column":9}},"type":"if","locations":[{"start":{"line":76,"column":8},"end":{"line":97,"column":9}},{"start":{},"end":{}}],"line":76},"6":{"loc":{"start":{"line":79,"column":12},"end":{"line":93,"column":13}},"type":"if","locations":[{"start":{"line":79,"column":12},"end":{"line":93,"column":13}},{"start":{"line":84,"column":19},"end":{"line":93,"column":13}}],"line":79},"7":{"loc":{"start":{"line":82,"column":33},"end":{"line":82,"column":84}},"type":"binary-expr","locations":[{"start":{"line":82,"column":33},"end":{"line":82,"column":66}},{"start":{"line":82,"column":70},"end":{"line":82,"column":84}}],"line":82},"8":{"loc":{"start":{"line":87,"column":29},"end":{"line":87,"column":71}},"type":"cond-expr","locations":[{"start":{"line":87,"column":37},"end":{"line":87,"column":56}},{"start":{"line":87,"column":59},"end":{"line":87,"column":71}}],"line":87},"9":{"loc":{"start":{"line":112,"column":8},"end":{"line":112,"column":33}},"type":"if","locations":[{"start":{"line":112,"column":8},"end":{"line":112,"column":33}},{"start":{},"end":{}}],"line":112}},"s":{"0":1,"1":1,"2":2,"3":2,"4":2,"5":1,"6":1,"7":0,"8":0,"9":0,"10":0,"11":1,"12":1,"13":1,"14":1,"15":1,"16":1,"17":1,"18":2,"19":0,"20":0,"21":0,"22":0,"23":0,"24":0,"25":0,"26":0,"27":0,"28":0,"29":0,"30":0,"31":0,"32":0,"33":0,"34":0,"35":0,"36":0,"37":0,"38":0,"39":0},"f":{"0":1,"1":2,"2":0,"3":0,"4":0,"5":0},"b":{"0":[1,1],"1":[0,1],"2":[0,0],"3":[1,0],"4":[0],"5":[0,0],"6":[0,0],"7":[0,0],"8":[0,0],"9":[0,0]},"_coverageSchema":"1a1c01bbd47fc00a2c39e90264f33305004495a9","hash":"76792f1cff888823feefe0be7c020398877a84e5"}
,"/Users/shiva/Documents/github_projects/Campus-Eats-React-Native-App/mobile/src/services/orderService.js": {"path":"/Users/shiva/Documents/github_projects/Campus-Eats-React-Native-App/mobile/src/services/orderService.js","statementMap":{"0":{"start":{"line":36,"column":8},"end":{"line":36,"column":15}},"1":{"start":{"line":38,"column":4},"end":{"line":38,"column":89}},"2":{"start":{"line":42,"column":21},"end":{"line":42,"column":35}},"3":{"start":{"line":43,"column":4},"end":{"line":47,"column":7}},"4":{"start":{"line":50,"column":28},"end":{"line":50,"column":50}},"5":{"start":{"line":125,"column":4},"end":{"line":146,"column":5}},"6":{"start":{"line":126,"column":25},"end":{"line":132,"column":10}},"7":{"start":{"line":134,"column":23},"end":{"line":134,"column":44}},"8":{"start":{"line":136,"column":8},"end":{"line":138,"column":9}},"9":{"start":{"line":137,"column":12},"end":{"line":137,"column":62}},"10":{"start":{"line":140,"column":8},"end":{"line":140,"column":76}},"11":{"start":{"line":141,"column":8},"end":{"line":141,"column":22}},"12":{"start":{"line":144,"column":8},"end":{"line":144,"column":54}},"13":{"start":{"line":145,"column":8},"end":{"line":145,"column":20}},"14":{"start":{"line":153,"column":57},"end":{"line":153,"column":61}},"15":{"start":{"line":156,"column":4},"end":{"line":168,"column":6}},"16":{"start":{"line":176,"column":20},"end":{"line":176,"column":46}},"17":{"start":{"line":176,"column":38},"end":{"line":176,"column":45}},"18":{"start":{"line":179,"column":22},"end":{"line":179,"column":54}},"19":{"start":{"line":181,"column":21},"end":{"line":185,"column":5}},"20":{"start":{"line":187,"column":24},"end":{"line":187,"column":77}},"21":{"start":{"line":187,"column":58},"end":{"line":187,"column":76}},"22":{"start":{"line":189,"column":4},"end":{"line":193,"column":5}},"23":{"start":{"line":190,"column":28},"end":{"line":190,"column":73}},"24":{"start":{"line":190,"column":52},"end":{"line":190,"column":61}},"25":{"start":{"line":191,"column":31},"end":{"line":191,"column":94}},"26":{"start":{"line":191,"column":67},"end":{"line":191,"column":80}},"27":{"start":{"line":192,"column":8},"end":{"line":192,"column":137}},"28":{"start":{"line":195,"column":4},"end":{"line":195,"column":27}},"29":{"start":{"line":202,"column":4},"end":{"line":202,"column":65}},"30":{"start":{"line":203,"column":4},"end":{"line":210,"column":6}},"31":{"start":{"line":217,"column":20},"end":{"line":217,"column":51}},"32":{"start":{"line":218,"column":4},"end":{"line":220,"column":5}},"33":{"start":{"line":219,"column":8},"end":{"line":219,"column":52}},"34":{"start":{"line":222,"column":4},"end":{"line":226,"column":6}},"35":{"start":{"line":236,"column":4},"end":{"line":236,"column":78}},"36":{"start":{"line":237,"column":4},"end":{"line":245,"column":6}},"37":{"start":{"line":252,"column":4},"end":{"line":252,"column":29}},"38":{"start":{"line":252,"column":17},"end":{"line":252,"column":29}},"39":{"start":{"line":253,"column":4},"end":{"line":253,"column":55}},"40":{"start":{"line":260,"column":21},"end":{"line":267,"column":5}},"41":{"start":{"line":268,"column":4},"end":{"line":268,"column":41}}},"fnMap":{"0":{"name":"placeOrder","decl":{"start":{"line":28,"column":22},"end":{"line":28,"column":32}},"loc":{"start":{"line":28,"column":42},"end":{"line":147,"column":1}},"line":28},"1":{"name":"createOrder","decl":{"start":{"line":152,"column":22},"end":{"line":152,"column":33}},"loc":{"start":{"line":152,"column":40},"end":{"line":169,"column":1}},"line":152},"2":{"name":"validateCartItems","decl":{"start":{"line":174,"column":22},"end":{"line":174,"column":39}},"loc":{"start":{"line":174,"column":47},"end":{"line":196,"column":1}},"line":174},"3":{"name":"(anonymous_3)","decl":{"start":{"line":176,"column":30},"end":{"line":176,"column":31}},"loc":{"start":{"line":176,"column":38},"end":{"line":176,"column":45}},"line":176},"4":{"name":"(anonymous_4)","decl":{"start":{"line":187,"column":50},"end":{"line":187,"column":51}},"loc":{"start":{"line":187,"column":58},"end":{"line":187,"column":76}},"line":187},"5":{"name":"(anonymous_5)","decl":{"start":{"line":190,"column":44},"end":{"line":190,"column":45}},"loc":{"start":{"line":190,"column":52},"end":{"line":190,"column":61}},"line":190},"6":{"name":"(anonymous_6)","decl":{"start":{"line":191,"column":59},"end":{"line":191,"column":60}},"loc":{"start":{"line":191,"column":67},"end":{"line":191,"column":80}},"line":191},"7":{"name":"getPendingPayments","decl":{"start":{"line":201,"column":22},"end":{"line":201,"column":40}},"loc":{"start":{"line":201,"column":43},"end":{"line":211,"column":1}},"line":201},"8":{"name":"getOrders","decl":{"start":{"line":216,"column":22},"end":{"line":216,"column":31}},"loc":{"start":{"line":216,"column":47},"end":{"line":227,"column":1}},"line":216},"9":{"name":"updateOrderStatus","decl":{"start":{"line":235,"column":22},"end":{"line":235,"column":39}},"loc":{"start":{"line":235,"column":81},"end":{"line":246,"column":1}},"line":235},"10":{"name":"getPaymentProofUrl","decl":{"start":{"line":251,"column":16},"end":{"line":251,"column":34}},"loc":{"start":{"line":251,"column":43},"end":{"line":254,"column":1}},"line":251},"11":{"name":"getOrderByOtp","decl":{"start":{"line":259,"column":22},"end":{"line":259,"column":35}},"loc":{"start":{"line":259,"column":41},"end":{"line":269,"column":1}},"line":259}},"branchMap":{"0":{"loc":{"start":{"line":45,"column":14},"end":{"line":45,"column":60}},"type":"binary-expr","locations":[{"start":{"line":45,"column":14},"end":{"line":45,"column":44}},{"start":{"line":45,"column":48},"end":{"line":45,"column":60}}],"line":45},"1":{"loc":{"start":{"line":46,"column":14},"end":{"line":46,"column":60}},"type":"binary-expr","locations":[{"start":{"line":46,"column":14},"end":{"line":46,"column":44}},{"start":{"line":46,"column":48},"end":{"line":46,"column":60}}],"line":46},"2":{"loc":{"start":{"line":50,"column":28},"end":{"line":50,"column":50}},"type":"binary-expr","locations":[{"start":{"line":50,"column":28},"end":{"line":50,"column":35}},{"start":{"line":50,"column":39},"end":{"line":50,"column":50}}],"line":50},"3":{"loc":{"start":{"line":136,"column":8},"end":{"line":138,"column":9}},"type":"if","locations":[{"start":{"line":136,"column":8},"end":{"line":138,"column":9}},{"start":{},"end":{}}],"line":136},"4":{"loc":{"start":{"line":137,"column":28},"end":{"line":137,"column":60}},"type":"binary-expr","locations":[{"start":{"line":137,"column":28},"end":{"line":137,"column":41}},{"start":{"line":137,"column":45},"end":{"line":137,"column":60}}],"line":137},"5":{"loc":{"start":{"line":153,"column":34},"end":{"line":153,"column":52}},"type":"default-arg","locations":[{"start":{"line":153,"column":43},"end":{"line":153,"column":52}}],"line":153},"6":{"loc":{"start":{"line":189,"column":4},"end":{"line":193,"column":5}},"type":"if","locations":[{"start":{"line":189,"column":4},"end":{"line":193,"column":5}},{"start":{},"end":{}}],"line":189},"7":{"loc":{"start":{"line":216,"column":32},"end":{"line":216,"column":45}},"type":"default-arg","locations":[{"start":{"line":216,"column":41},"end":{"line":216,"column":45}}],"line":216},"8":{"loc":{"start":{"line":218,"column":4},"end":{"line":220,"column":5}},"type":"if","locations":[{"start":{"line":218,"column":4},"end":{"line":220,"column":5}},{"start":{},"end":{}}],"line":218},"9":{"loc":{"start":{"line":235,"column":60},"end":{"line":235,"column":79}},"type":"default-arg","locations":[{"start":{"line":235,"column":77},"end":{"line":235,"column":79}}],"line":235},"10":{"loc":{"start":{"line":252,"column":4},"end":{"line":252,"column":29}},"type":"if","locations":[{"start":{"line":252,"column":4},"end":{"line":252,"column":29}},{"start":{},"end":{}}],"line":252},"11":{"loc":{"start":{"line":268,"column":11},"end":{"line":268,"column":40}},"type":"binary-expr","locations":[{"start":{"line":268,"column":11},"end":{"line":268,"column":32}},{"start":{"line":268,"column":36},"end":{"line":268,"column":40}}],"line":268}},"s":{"0":1,"1":1,"2":1,"3":1,"4":1,"5":1,"6":1,"7":1,"8":1,"9":0,"10":1,"11":1,"12":0,"13":0,"14":0,"15":0,"16":0,"17":0,"18":0,"19":0,"20":0,"21":0,"22":0,"23":0,"24":0,"25":0,"26":0,"27":0,"28":0,"29":0,"30":0,"31":0,"32":0,"33":0,"34":0,"35":1,"36":1,"37":0,"38":0,"39":0,"40":0,"41":0},"f":{"0":1,"1":0,"2":0,"3":0,"4":0,"5":0,"6":0,"7":0,"8":0,"9":1,"10":0,"11":0},"b":{"0":[1,0],"1":[1,1],"2":[1,0],"3":[0,1],"4":[0,0],"5":[0],"6":[0,0],"7":[0],"8":[0,0],"9":[0],"10":[0,0],"11":[0,0]},"_coverageSchema":"1a1c01bbd47fc00a2c39e90264f33305004495a9","hash":"69c7f02d80836ea68b45311ac363e14215124cf4"}
}
