TN:
SF:src/services/adminService.js
FN:20,(anonymous_0)
FN:56,(anonymous_1)
FN:73,(anonymous_2)
FN:88,(anonymous_3)
FN:99,(anonymous_4)
FN:111,(anonymous_5)
FN:133,(anonymous_6)
FN:170,(anonymous_7)
FNF:8
FNH:2
FNDA:1,(anonymous_0)
FNDA:0,(anonymous_1)
FNDA:0,(anonymous_2)
FNDA:0,(anonymous_3)
FNDA:2,(anonymous_4)
FNDA:0,(anonymous_5)
FNDA:0,(anonymous_6)
FNDA:0,(anonymous_7)
DA:8,1
DA:15,1
DA:22,1
DA:45,1
DA:57,0
DA:62,0
DA:63,0
DA:65,0
DA:74,0
DA:89,0
DA:100,2
DA:105,2
DA:112,0
DA:113,0
DA:114,0
DA:121,0
DA:134,0
DA:135,0
DA:136,0
DA:137,0
DA:142,0
DA:144,0
DA:149,0
DA:150,0
DA:151,0
DA:154,0
DA:171,0
LF:27
LH:6
BRDA:62,0,0,0
BRDA:62,0,1,0
BRDA:79,1,0,0
BRDA:79,1,1,0
BRDA:105,2,0,2
BRDA:105,2,1,1
BRDA:113,3,0,0
BRDA:113,3,1,0
BRDA:135,4,0,0
BRDA:135,4,1,0
BRDA:140,5,0,0
BRDA:140,5,1,0
BRDA:149,6,0,0
BRDA:149,6,1,0
BRF:14
BRH:2
end_of_record
TN:
SF:src/services/authService.js
FN:14,(anonymous_0)
FN:70,(anonymous_1)
FN:101,(anonymous_2)
FN:112,(anonymous_3)
FN:156,(anonymous_4)
FNF:5
FNH:2
FNDA:2,(anonymous_0)
FNDA:1,(anonymous_1)
FNDA:0,(anonymous_2)
FNDA:0,(anonymous_3)
FNDA:0,(anonymous_4)
DA:8,1
DA:15,2
DA:17,2
DA:20,2
DA:27,2
DA:28,2
DA:30,2
DA:31,2
DA:36,2
DA:37,1
DA:38,1
DA:41,0
DA:44,2
DA:45,1
DA:46,1
DA:51,1
DA:54,0
DA:58,2
DA:60,0
DA:71,1
DA:73,1
DA:76,1
DA:79,1
DA:92,1
DA:94,0
DA:102,0
DA:103,0
DA:105,0
DA:113,0
DA:114,0
DA:116,0
DA:117,0
DA:120,0
DA:121,0
DA:126,0
DA:127,0
DA:128,0
DA:133,0
DA:134,0
DA:135,0
DA:140,0
DA:143,0
DA:147,0
DA:149,0
DA:157,0
DA:159,0
DA:160,0
DA:167,0
LF:48
LH:21
BRDA:36,0,0,1
BRDA:36,0,1,1
BRDA:44,1,0,1
BRDA:44,1,1,1
BRDA:126,2,0,0
BRDA:126,2,1,0
BRDA:133,3,0,0
BRDA:133,3,1,0
BRF:8
BRH:4
end_of_record
TN:
SF:src/services/menuService.js
FN:13,(anonymous_0)
FN:26,(anonymous_1)
FN:73,(anonymous_2)
FN:111,(anonymous_3)
FN:119,(anonymous_4)
FN:120,(anonymous_5)
FNF:6
FNH:2
FNDA:1,(anonymous_0)
FNDA:2,(anonymous_1)
FNDA:0,(anonymous_2)
FNDA:0,(anonymous_3)
FNDA:0,(anonymous_4)
FNDA:0,(anonymous_5)
DA:9,1
DA:14,1
DA:27,2
DA:28,2
DA:31,2
DA:32,1
DA:35,1
DA:36,0
DA:37,0
DA:38,0
DA:39,0
DA:41,1
DA:42,1
DA:43,1
DA:44,1
DA:51,1
DA:52,1
DA:54,1
DA:58,2
DA:74,0
DA:76,0
DA:77,0
DA:79,0
DA:80,0
DA:81,0
DA:82,0
DA:83,0
DA:85,0
DA:86,0
DA:87,0
DA:88,0
DA:95,0
DA:96,0
DA:99,0
DA:112,0
DA:113,0
DA:120,0
DA:121,0
DA:128,0
LF:39
LH:15
BRDA:31,0,0,1
BRDA:31,0,1,1
BRDA:35,1,0,0
BRDA:35,1,1,1
BRDA:38,2,0,0
BRDA:38,2,1,0
BRDA:43,3,0,1
BRDA:43,3,1,0
BRDA:73,4,0,0
BRDA:76,5,0,0
BRDA:76,5,1,0
BRDA:79,6,0,0
BRDA:79,6,1,0
BRDA:82,7,0,0
BRDA:82,7,1,0
BRDA:87,8,0,0
BRDA:87,8,1,0
BRDA:112,9,0,0
BRDA:112,9,1,0
BRF:19
BRH:4
end_of_record
TN:
SF:src/services/orderService.js
FN:28,placeOrder
FN:152,createOrder
FN:174,validateCartItems
FN:176,(anonymous_3)
FN:187,(anonymous_4)
FN:190,(anonymous_5)
FN:191,(anonymous_6)
FN:201,getPendingPayments
FN:216,getOrders
FN:235,updateOrderStatus
FN:251,getPaymentProofUrl
FN:259,getOrderByOtp
FNF:12
FNH:2
FNDA:1,placeOrder
FNDA:0,createOrder
FNDA:0,validateCartItems
FNDA:0,(anonymous_3)
FNDA:0,(anonymous_4)
FNDA:0,(anonymous_5)
FNDA:0,(anonymous_6)
FNDA:0,getPendingPayments
FNDA:0,getOrders
FNDA:1,updateOrderStatus
FNDA:0,getPaymentProofUrl
FNDA:0,getOrderByOtp
DA:36,1
DA:38,1
DA:42,1
DA:43,1
DA:50,1
DA:125,1
DA:126,1
DA:134,1
DA:136,1
DA:137,0
DA:140,1
DA:141,1
DA:144,0
DA:145,0
DA:153,0
DA:156,0
DA:176,0
DA:179,0
DA:181,0
DA:187,0
DA:189,0
DA:190,0
DA:191,0
DA:192,0
DA:195,0
DA:202,0
DA:203,0
DA:217,0
DA:218,0
DA:219,0
DA:222,0
DA:236,1
DA:237,1
DA:252,0
DA:253,0
DA:260,0
DA:268,0
LF:37
LH:13
BRDA:45,0,0,1
BRDA:45,0,1,0
BRDA:46,1,0,1
BRDA:46,1,1,1
BRDA:50,2,0,1
BRDA:50,2,1,0
BRDA:136,3,0,0
BRDA:136,3,1,1
BRDA:137,4,0,0
BRDA:137,4,1,0
BRDA:153,5,0,0
BRDA:189,6,0,0
BRDA:189,6,1,0
BRDA:216,7,0,0
BRDA:218,8,0,0
BRDA:218,8,1,0
BRDA:235,9,0,0
BRDA:252,10,0,0
BRDA:252,10,1,0
BRDA:268,11,0,0
BRDA:268,11,1,0
BRF:21
BRH:5
end_of_record
